C51 COMPILER V9.54   DS1302                                                                06/07/2025 16:09:32 PAGE 1   


C51 COMPILER V9.54, COMPILATION OF MODULE DS1302
OBJECT MODULE PLACED IN .\Objects\DS1302.obj
COMPILER INVOKED BY: D:\Keil_v5\C51\BIN\C51.EXE DS1302.c OPTIMIZE(8,SPEED) BROWSE DEBUG OBJECTEXTEND PRINT(.\Listings\DS
                    -1302.lst) OBJECT(.\Objects\DS1302.obj)

line level    source

   1          #include <REGX52.H>
   2          
   3          sbit DS1302_SCLK = P3^6;
   4          sbit DS1302_CE = P3^5;
   5          sbit DS1302_IO = P3^4;
   6          
   7          //写command表
   8          #define DS1302_SECOND 0x80
   9          #define DS1302_MINUTE 0x82
  10          #define DS1302_HOUR   0x84
  11          #define DS1302_DATE   0x86
  12          #define DS1302_MONTH  0x88
  13          #define DS1302_DAY    0x8A
  14          #define DS1302_YEAR   0x8C
  15          #define DS1302_WP     0x8E
  16          
  17          char DS1302_Time[] = {25,1,1,0,0,0,3};    //年月日 时分秒 星期
  18          
  19          void DS1302_Init()
  20          {
  21   1          DS1302_CE = 0;
  22   1          DS1302_SCLK = 0;
  23   1      }
  24          
  25          void DS1302_WriteByte(unsigned char Command, Data)
  26          {
  27   1              unsigned char i;
  28   1          DS1302_CE = 1;
  29   1          
  30   1          for(i = 0; i < 8; i++)
  31   1          {
  32   2              DS1302_IO = Command & (0x01 << i);    //0000 0001
  33   2              DS1302_SCLK = 1;
  34   2              DS1302_SCLK = 0;
  35   2          }
  36   1          
  37   1          for(i = 0; i < 8; i++)
  38   1          {
  39   2              DS1302_IO = Data & (0x01 << i);
  40   2              DS1302_SCLK = 1;
  41   2              DS1302_SCLK = 0;
  42   2          }
  43   1          DS1302_CE = 0;
  44   1      }
  45          
  46          unsigned char DS1302_ReadByte(unsigned char Command)
  47          {
  48   1          unsigned char i, Data = 0x00;
  49   1          Command |= 0x01;    //将写command切换为读
  50   1          DS1302_CE = 1;
  51   1          
  52   1          for(i = 0; i < 8; i++)
  53   1          {
  54   2              DS1302_IO = Command & (0x01 << i);
C51 COMPILER V9.54   DS1302                                                                06/07/2025 16:09:32 PAGE 2   

  55   2              DS1302_SCLK = 0;    //和写入时相反，SCLk时序相关
  56   2              DS1302_SCLK = 1;
  57   2          }
  58   1          
  59   1          for(i = 0; i < 8; i++)
  60   1          {
  61   2              DS1302_SCLK = 1;    //重复置1，过滤
  62   2              DS1302_SCLK = 0;  
  63   2              if(DS1302_IO) {Data |= (0x01 << i);}
  64   2          }
  65   1           DS1302_CE = 0;
  66   1           DS1302_IO = 0;
  67   1           
  68   1           return Data;
  69   1      }
  70          
  71          void DS1302_SetTime()
  72          {
  73   1          DS1302_WriteByte(DS1302_WP,0x00);    //关闭写保护
  74   1          DS1302_WriteByte(DS1302_YEAR, DS1302_Time[0]/10*16+DS1302_Time[0]%10);
  75   1          DS1302_WriteByte(DS1302_MONTH, DS1302_Time[1]/10*16+DS1302_Time[1]%10);
  76   1          DS1302_WriteByte(DS1302_DATE, DS1302_Time[2]/10*16+DS1302_Time[2]%10);
  77   1          DS1302_WriteByte(DS1302_HOUR, DS1302_Time[3]/10*16+DS1302_Time[3]%10);
  78   1          DS1302_WriteByte(DS1302_MINUTE, DS1302_Time[4]/10*16+DS1302_Time[4]%10);
  79   1          DS1302_WriteByte(DS1302_SECOND, DS1302_Time[5]/10*16+DS1302_Time[5]%10);
  80   1          DS1302_WriteByte(DS1302_DAY, DS1302_Time[6]/10*16+DS1302_Time[6]%10);
  81   1          DS1302_WriteByte(DS1302_WP,0x80);    //打开写保护
  82   1      }
  83          
  84          void DS1302_ReadTime()
  85          {
  86   1          unsigned cahr Temp = 0;
*** ERROR C141 IN LINE 86 OF DS1302.c: syntax error near 'Temp'
  87   1          Temp = DS1302_ReadByte(DS1302_YEAR);
  88   1          DS1302_Time[0] = Temp/16*10+Temp%16;
  89   1          Temp = DS1302_ReadByte(DS1302_MONTH);
  90   1          DS1302_Time[1] = Temp/16*10+Temp%16;
  91   1          Temp = DS1302_ReadByte(DS1302_DATE);
  92   1          DS1302_Time[2] = Temp/16*10+Temp%16;
  93   1          Temp = DS1302_ReadByte(DS1302_HOUR);
  94   1          DS1302_Time[3] = Temp/16*10+Temp%16;
  95   1          Temp = DS1302_ReadByte(DS1302_MINUTE);
  96   1          DS1302_Time[4] = Temp/16*10+Temp%16;
  97   1          Temp = DS1302_ReadByte(DS1302_SECOND);
  98   1          DS1302_Time[5] = Temp/16*10+Temp%16;
  99   1          Temp = DS1302_ReadByte(DS1302_DAY);
 100   1          DS1302_Time[6] = Temp/16*10+Temp%16;
 101   1      }

C51 COMPILATION COMPLETE.  0 WARNING(S),  1 ERROR(S)
