C51 COMPILER V9.54   LCD1602                                                               06/08/2025 18:16:18 PAGE 1   


C51 COMPILER V9.54, COMPILATION OF MODULE LCD1602
OBJECT MODULE PLACED IN .\Objects\LCD1602.obj
COMPILER INVOKED BY: D:\Keil_v5\C51\BIN\C51.EXE LCD1602.c OPTIMIZE(8,SPEED) BROWSE DEBUG OBJECTEXTEND PRINT(.\Listings\L
                    -CD1602.lst) OBJECT(.\Objects\LCD1602.obj)

line level    source

   1                
   2          #include <REGX52.H>
   3          
   4          //引脚配置：
   5          sbit LCD_RS=P2^6;
   6          sbit LCD_RW=P2^5;
   7          sbit LCD_EN=P2^7;
   8          #define LCD_DataPort P0
   9          
  10          void LCD_Delay()
  11          {
  12   1              unsigned char i, j;
  13   1      
  14   1              i = 2;
  15   1              j = 239;
  16   1              do
  17   1              {
  18   2                      while (--j);
  19   2              } while (--i);
  20   1      }
  21          
  22          void LCD_WriteCommand(unsigned char Command)
  23          {
  24   1              LCD_RS=0;
  25   1              LCD_RW=0;
  26   1              LCD_DataPort=Command;
  27   1              LCD_EN=1;
  28   1              LCD_Delay();
  29   1              LCD_EN=0;
  30   1              LCD_Delay();
  31   1      }
  32          
  33          void LCD_WriteData(unsigned char Data)
  34          {
  35   1              LCD_RS=1;
  36   1              LCD_RW=0;
  37   1              LCD_DataPort=Data;
  38   1              LCD_EN=1;
  39   1              LCD_Delay();
  40   1              LCD_EN=0;
  41   1              LCD_Delay();
  42   1      }
  43          
  44          void LCD_SetCursor(unsigned char Line,unsigned char Column)
  45          {
  46   1              if(Line==1)
  47   1              {
  48   2                      LCD_WriteCommand(0x80|(Column-1));
  49   2              }
  50   1              else if(Line==2)
  51   1              {
  52   2                      LCD_WriteCommand(0x80|(Column-1+0x40));
  53   2              }
  54   1      }
C51 COMPILER V9.54   LCD1602                                                               06/08/2025 18:16:18 PAGE 2   

  55          
  56          void LCD_Init()
  57          {
  58   1              LCD_WriteCommand(0x38);//八位数据接口，两行显示，5*7点阵
  59   1              LCD_WriteCommand(0x0c);//显示开，光标关，闪烁关
  60   1              LCD_WriteCommand(0x06);//数据读写操作后，光标自动加一，画面不动
  61   1              LCD_WriteCommand(0x01);//光标复位，清屏
  62   1      }
  63          
  64          void LCD_ShowString(unsigned char Line,unsigned char Column,char *String)
  65          {
  66   1              unsigned char i;
  67   1              LCD_SetCursor(Line,Column);
  68   1              for(i=0;String[i]!='\0';i++)
  69   1              {
  70   2                      LCD_WriteData(String[i]);
  71   2              }
  72   1      }
  73          
  74          int LCD_Pow(int X,int Y)
  75          {
  76   1              unsigned char i;
  77   1              int Result=1;
  78   1              for(i=0;i<Y;i++)
  79   1              {
  80   2                      Result*=X;
  81   2              }
  82   1              return Result;
  83   1      }
  84          
  85          void LCD_ShowNum(unsigned char Line,unsigned char Column,unsigned int Number,unsigned char Length)
  86          {
  87   1              unsigned char i;
  88   1              LCD_SetCursor(Line,Column);
  89   1              for(i=Length;i>0;i--)
  90   1              {
  91   2                      LCD_WriteData(Number/LCD_Pow(10,i-1)%10+'0');
  92   2              }
  93   1      }


MODULE INFORMATION:   STATIC OVERLAYABLE
   CODE SIZE        =    212    ----
   CONSTANT SIZE    =   ----    ----
   XDATA SIZE       =   ----    ----
   PDATA SIZE       =   ----    ----
   DATA SIZE        =   ----      12
   IDATA SIZE       =   ----    ----
   BIT SIZE         =   ----    ----
END OF MODULE INFORMATION.


C51 COMPILATION COMPLETE.  0 WARNING(S),  0 ERROR(S)
