C51 COMPILER V9.54   TIME                                                                  06/07/2025 16:06:54 PAGE 1   


C51 COMPILER V9.54, COMPILATION OF MODULE TIME
OBJECT MODULE PLACED IN .\Objects\Time.obj
COMPILER INVOKED BY: D:\Keil_v5\C51\BIN\C51.EXE Time.c OPTIMIZE(8,SPEED) BROWSE DEBUG OBJECTEXTEND PRINT(.\Listings\Time
                    -.lst) OBJECT(.\Objects\Time.obj)

line level    source

   1          #include <REGX52.H>
   2          
   3          void Timer0_Init(void) 
   4          {
   5   1          TMOD &= 0xF0;      // 清除 T0 设置
   6   1          TMOD |= 0x01;      // T0 模式 1（16位定时）
   7   1          TH0 = 0xFC;        // 1ms 初值高8位
   8   1          TL0 = 0x67;        // 1ms 初值低8位
   9   1          ET0 = 1;           // 允许 T0 中断
  10   1          TR0 = 1;           // 启动 T0
  11   1          EA = 1;            // 开总中断
  12   1      }
  13          
  14          void Timer1_Init(void) {
  15   1          TMOD &= 0x0F;      // 清除 T1 设置
  16   1          TMOD |= 0x10;      // T1 模式 1（16位定时）
  17   1          TH1 = 0xFC;        // 1ms 初值高8位
  18   1          TL1 = 0x67;        // 1ms 初值低8位
  19   1          ET1 = 1;           // 允许 T1 中断
  20   1          TR1 = 1;           // 启动 T1
  21   1          EA = 1;            // 开总中断
  22   1      }
  23          
  24          void Timer2_Init(void) {
  25   1          // 设置自动重载值
  26   1          RCAP2H = 0xFC;     // 1ms 重载值高8位
  27   1          RCAP2L = 0x67;     // 1ms 重载值低8位
  28   1          
  29   1          // 初始化计数器
  30   1          TH2 = 0xFC;
  31   1          TL2 = 0x67;
  32   1          
  33   1          T2CON = 0x00;      // 使用内部定时，自动重载模式
  34   1          ET2 = 1;           // 允许 T2 中断
  35   1          TR2 = 1;           // 启动 T2
  36   1          EA = 1;            // 开总中断
  37   1      }
  38          
  39          /*
  40          // T0 中断服务函数
  41          void Timer0_ISR(void) interrupt 1 {
  42              TH0 = 0xFC;        // 重装初值
  43              TL0 = 0x67;
  44              // 这里添加1ms定时任务代码
  45          }
  46          
  47          // T1 中断服务函数
  48          void Timer1_ISR(void) interrupt 3 {
  49              TH1 = 0xFC;        // 重装初值
  50              TL1 = 0x67;
  51              // 这里添加1ms定时任务代码
  52          }
  53          
  54          // T2 中断服务函数
C51 COMPILER V9.54   TIME                                                                  06/07/2025 16:06:54 PAGE 2   

  55          void Timer2_ISR(void) interrupt 5 {
  56              TF2 = 0;           // T2 必须手动清除中断标志
  57              // 自动重载模式下无需手动重装初值
  58              // 这里添加1ms定时任务代码
  59          }
  60          */


MODULE INFORMATION:   STATIC OVERLAYABLE
   CODE SIZE        =     60    ----
   CONSTANT SIZE    =   ----    ----
   XDATA SIZE       =   ----    ----
   PDATA SIZE       =   ----    ----
   DATA SIZE        =   ----    ----
   IDATA SIZE       =   ----    ----
   BIT SIZE         =   ----    ----
END OF MODULE INFORMATION.


C51 COMPILATION COMPLETE.  0 WARNING(S),  0 ERROR(S)
